0 verbose cli C:\Program Files\nodejs\node.exe C:\Users\Akash\AppData\Roaming\npm\node_modules\npm\bin\npm-cli.js
1 info using npm@11.8.0
2 info using node@v24.16.0
3 silly config load:file:C:\Users\Akash\AppData\Roaming\npm\node_modules\npm\npmrc
4 silly config load:file:C:\Users\Akash\Desktop\Sample-Mobile-Machenic\.npmrc
5 silly config load:file:C:\Users\Akash\.npmrc
6 silly config load:file:C:\Users\Akash\AppData\Roaming\npm\etc\npmrc
7 verbose title npm install framer-motion lucide-react
8 verbose argv "install" "--cache" ".npm" "framer-motion" "lucide-react"
9 verbose logfile logs-max:10 dir:C:\Users\Akash\Desktop\Sample-Mobile-Machenic\.npm\_logs\2026-06-29T15_46_13_650Z-
10 verbose logfile C:\Users\Akash\Desktop\Sample-Mobile-Machenic\.npm\_logs\2026-06-29T15_46_13_650Z-debug-0.log
11 silly logfile done cleaning log files
12 silly packumentCache heap:4496293888 maxSize:1124073472 maxEntrySize:562036736
13 silly idealTree buildDeps
14 silly fetch manifest framer-motion@*
15 silly packumentCache full:https://registry.npmjs.org/framer-motion cache-miss
16 verbose shrinkwrap failed to load node_modules/.package-lock.json out of date, updated: node_modules
17 http fetch GET 200 https://registry.npmjs.org/npm 820ms
18 http fetch GET 200 https://registry.npmjs.org/framer-motion 567ms (cache miss)
19 silly packumentCache full:https://registry.npmjs.org/framer-motion set size:undefined disposed:false
20 silly fetch manifest @emotion/is-prop-valid@*
21 silly packumentCache full:https://registry.npmjs.org/@emotion%2fis-prop-valid cache-miss
22 http fetch GET 200 https://registry.npmjs.org/@emotion%2fis-prop-valid 103ms (cache miss)
23 silly packumentCache full:https://registry.npmjs.org/@emotion%2fis-prop-valid set size:undefined disposed:false
24 silly fetch manifest react@^18.3.1
25 silly packumentCache full:https://registry.npmjs.org/react cache-miss
26 http fetch GET 200 https://registry.npmjs.org/react 328ms (cache miss)
27 silly packumentCache full:https://registry.npmjs.org/react set size:undefined disposed:false
28 silly fetch manifest react-dom@^18.3.1
29 silly packumentCache full:https://registry.npmjs.org/react-dom cache-miss
30 http fetch GET 200 https://registry.npmjs.org/react-dom 420ms (cache miss)
31 silly packumentCache full:https://registry.npmjs.org/react-dom set size:undefined disposed:false
32 silly fetch manifest lucide-react@*
33 silly packumentCache full:https://registry.npmjs.org/lucide-react cache-miss
34 http fetch GET 200 https://registry.npmjs.org/lucide-react 156ms (cache miss)
35 silly packumentCache full:https://registry.npmjs.org/lucide-react set size:undefined disposed:false
36 silly placeDep ROOT framer-motion@12.42.0 OK for: sample-mobile-mechanic@0.1.0 want: *
37 silly placeDep ROOT lucide-react@1.22.0 OK for: sample-mobile-mechanic@0.1.0 want: *
38 silly fetch manifest motion-dom@^12.42.0
39 silly packumentCache full:https://registry.npmjs.org/motion-dom cache-miss
40 silly fetch manifest motion-utils@^12.39.0
41 silly packumentCache full:https://registry.npmjs.org/motion-utils cache-miss
42 silly fetch manifest tslib@^2.4.0
43 silly packumentCache full:https://registry.npmjs.org/tslib cache-miss
44 http fetch GET 200 https://registry.npmjs.org/motion-utils 124ms (cache miss)
45 silly packumentCache full:https://registry.npmjs.org/motion-utils set size:undefined disposed:false
46 http fetch GET 200 https://registry.npmjs.org/motion-dom 135ms (cache miss)
47 silly packumentCache full:https://registry.npmjs.org/motion-dom set size:undefined disposed:false
48 http fetch GET 200 https://registry.npmjs.org/tslib 224ms (cache miss)
49 silly packumentCache full:https://registry.npmjs.org/tslib set size:undefined disposed:false
50 silly placeDep ROOT motion-dom@12.42.0 OK for: framer-motion@12.42.0 want: ^12.42.0
51 silly placeDep ROOT motion-utils@12.39.0 OK for: framer-motion@12.42.0 want: ^12.39.0
52 silly placeDep ROOT tslib@2.8.1 OK for: framer-motion@12.42.0 want: ^2.4.0
53 silly reify moves {}
54 silly audit bulk request {
54 silly audit   '@adobe/css-tools': [ '4.5.0' ],
54 silly audit   '@alloc/quick-lru': [ '5.2.0' ],
54 silly audit   '@babel/code-frame': [ '7.29.7' ],
54 silly audit   '@babel/compat-data': [ '7.29.7' ],
54 silly audit   '@babel/core': [ '7.29.7' ],
54 silly audit   '@babel/generator': [ '7.29.7' ],
54 silly audit   '@babel/helper-annotate-as-pure': [ '7.29.7' ],
54 silly audit   '@babel/helper-compilation-targets': [ '7.29.7' ],
54 silly audit   '@babel/helper-create-class-features-plugin': [ '7.29.7' ],
54 silly audit   '@babel/helper-create-regexp-features-plugin': [ '7.29.7' ],
54 silly audit   '@babel/helper-define-polyfill-provider': [ '0.6.8' ],
54 silly audit   '@babel/helper-globals': [ '7.29.7' ],
54 silly audit   '@babel/helper-member-expression-to-functions': [ '7.29.7' ],
54 silly audit   '@babel/helper-module-imports': [ '7.29.7' ],
54 silly audit   '@babel/helper-module-transforms': [ '7.29.7' ],
54 silly audit   '@babel/helper-optimise-call-expression': [ '7.29.7' ],
54 silly audit   '@babel/helper-plugin-utils': [ '7.29.7' ],
54 silly audit   '@babel/helper-remap-async-to-generator': [ '7.29.7' ],
54 silly audit   '@babel/helper-replace-supers': [ '7.29.7' ],
54 silly audit   '@babel/helper-skip-transparent-expression-wrappers': [ '7.29.7' ],
54 silly audit   '@babel/helper-string-parser': [ '7.29.7' ],
54 silly audit   '@babel/helper-validator-identifier': [ '7.29.7' ],
54 silly audit   '@babel/helper-validator-option': [ '7.29.7' ],
54 silly audit   '@babel/helper-wrap-function': [ '7.29.7' ],
54 silly audit   '@babel/helpers': [ '7.29.7' ],
54 silly audit   '@babel/parser': [ '7.29.7' ],
54 silly audit   '@babel/plugin-bugfix-firefox-class-in-computed-class-key': [ '7.29.7' ],
54 silly audit   '@babel/plugin-bugfix-safari-class-field-initializer-scope': [ '7.29.7' ],
54 silly audit   '@babel/plugin-bugfix-safari-id-destructuring-collision-in-function-expression': [ '7.29.7' ],
54 silly audit   '@babel/plugin-bugfix-safari-rest-destructuring-rhs-array': [ '7.29.7' ],
54 silly audit   '@babel/plugin-bugfix-v8-spread-parameters-in-optional-chaining': [ '7.29.7' ],
54 silly audit   '@babel/plugin-bugfix-v8-static-class-fields-redefine-readonly': [ '7.29.7' ],
54 silly audit   '@babel/plugin-proposal-private-property-in-object': [ '7.21.0-placeholder-for-preset-env.2' ],
54 silly audit   '@babel/plugin-syntax-async-generators': [ '7.8.4' ],
54 silly audit   '@babel/plugin-syntax-bigint': [ '7.8.3' ],
54 silly audit   '@babel/plugin-syntax-class-properties': [ '7.12.13' ],
54 silly audit   '@babel/plugin-syntax-class-static-block': [ '7.14.5' ],
54 silly audit   '@babel/plugin-syntax-import-assertions': [ '7.29.7' ],
54 silly audit   '@babel/plugin-syntax-import-attributes': [ '7.29.7' ],
54 silly audit   '@babel/plugin-syntax-import-meta': [ '7.10.4' ],
54 silly audit   '@babel/plugin-syntax-json-strings': [ '7.8.3' ],
54 silly audit   '@babel/plugin-syntax-jsx': [ '7.29.7' ],
54 silly audit   '@babel/plugin-syntax-logical-assignment-operators': [ '7.10.4' ],
54 silly audit   '@babel/plugin-syntax-nullish-coalescing-operator': [ '7.8.3' ],
54 silly audit   '@babel/plugin-syntax-numeric-separator': [ '7.10.4' ],
54 silly audit   '@babel/plugin-syntax-object-rest-spread': [ '7.8.3' ],
54 silly audit   '@babel/plugin-syntax-optional-catch-binding': [ '7.8.3' ],
54 silly audit   '@babel/plugin-syntax-optional-chaining': [ '7.8.3' ],
54 silly audit   '@babel/plugin-syntax-private-property-in-object': [ '7.14.5' ],
54 silly audit   '@babel/plugin-syntax-top-level-await': [ '7.14.5' ],
54 silly audit   '@babel/plugin-syntax-typescript': [ '7.29.7' ],
54 silly audit   '@babel/plugin-syntax-unicode-sets-regex': [ '7.18.6' ],
54 silly audit   '@babel/plugin-transform-arrow-functions': [ '7.29.7' ],
54 silly audit   '@babel/plugin-transform-async-generator-functions': [ '7.29.7' ],
54 silly audit   '@babel/plugin-transform-async-to-generator': [ '7.29.7' ],
54 silly audit   '@babel/plugin-transform-block-scoped-functions': [ '7.29.7' ],
54 silly audit   '@babel/plugin-transform-block-scoping': [ '7.29.7' ],
54 silly audit   '@babel/plugin-transform-class-properties': [ '7.29.7' ],
54 silly audit   '@babel/plugin-transform-class-static-block': [ '7.29.7' ],
54 silly audit   '@babel/plugin-transform-classes': [ '7.29.7' ],
54 silly audit   '@babel/plugin-transform-computed-properties': [ '7.29.7' ],
54 silly audit   '@babel/plugin-transform-destructuring': [ '7.29.7' ],
54 silly audit   '@babel/plugin-transform-dotall-regex': [ '7.29.7' ],
54 silly audit   '@babel/plugin-transform-duplicate-keys': [ '7.29.7' ],
54 silly audit   '@babel/plugin-transform-duplicate-named-capturing-groups-regex': [ '7.29.7' ],
54 silly audit   '@babel/plugin-transform-dynamic-import': [ '7.29.7' ],
54 silly audit   '@babel/plugin-transform-explicit-resource-management': [ '7.29.7' ],
54 silly audit   '@babel/plugin-transform-exponentiation-operator': [ '7.29.7' ],
54 silly audit   '@babel/plugin-transform-export-namespace-from': [ '7.29.7' ],
54 silly audit   '@babel/plugin-transform-for-of': [ '7.29.7' ],
54 silly audit   '@babel/plugin-transform-function-name': [ '7.29.7' ],
54 silly audit   '@babel/plugin-transform-json-strings': [ '7.29.7' ],
54 silly audit   '@babel/plugin-transform-literals': [ '7.29.7' ],
54 silly audit   '@babel/plugin-transform-logical-assignment-operators': [ '7.29.7' ],
54 silly audit   '@babel/plugin-transform-member-expression-literals': [ '7.29.7' ],
54 silly audit   '@babel/plugin-transform-modules-amd': [ '7.29.7' ],
54 silly audit   '@babel/plugin-transform-modules-commonjs': [ '7.29.7' ],
54 silly audit   '@babel/plugin-transform-modules-systemjs': [ '7.29.7' ],
54 silly audit   '@babel/plugin-transform-modules-umd': [ '7.29.7' ],
54 silly audit   '@babel/plugin-transform-named-capturing-groups-regex': [ '7.29.7' ],
54 silly audit   '@babel/plugin-transform-new-target': [ '7.29.7' ],
54 silly audit   '@babel/plugin-transform-nullish-coalescing-operator': [ '7.29.7' ],
54 silly audit   '@babel/plugin-transform-numeric-separator': [ '7.29.7' ],
54 silly audit   '@babel/plugin-transform-object-rest-spread': [ '7.29.7' ],
54 silly audit   '@babel/plugin-transform-object-super': [ '7.29.7' ],
54 silly audit   '@babel/plugin-transform-optional-catch-binding': [ '7.29.7' ],
54 silly audit   '@babel/plugin-transform-optional-chaining': [ '7.29.7' ],
54 silly audit   '@babel/plugin-transform-parameters': [ '7.29.7' ],
54 silly audit   '@babel/plugin-transform-private-methods': [ '7.29.7' ],
54 silly audit   '@babel/plugin-transform-private-property-in-object': [ '7.29.7' ],
54 silly audit   '@babel/plugin-transform-property-literals': [ '7.29.7' ],
54 silly audit   '@babel/plugin-transform-react-display-name': [ '7.29.7' ],
54 silly audit   '@babel/plugin-transform-react-jsx': [ '7.29.7' ],
54 silly audit   '@babel/plugin-transform-react-jsx-development': [ '7.29.7' ],
54 silly audit   '@babel/plugin-transform-react-jsx-self': [ '7.29.7' ],
54 silly audit   '@babel/plugin-transform-react-jsx-source': [ '7.29.7' ],
54 silly audit   '@babel/plugin-transform-react-pure-annotations': [ '7.29.7' ],
54 silly audit   '@babel/plugin-transform-regenerator': [ '7.29.7' ],
54 silly audit   '@babel/plugin-transform-regexp-modifiers': [ '7.29.7' ],
54 silly audit   '@babel/plugin-transform-reserved-words': [ '7.29.7' ],
54 silly audit   '@babel/plugin-transform-shorthand-properties': [ '7.29.7' ],
54 silly audit   '@babel/plugin-transform-spread': [ '7.29.7' ],
54 silly audit   '@babel/plugin-transform-sticky-regex': [ '7.29.7' ],
54 silly audit   '@babel/plugin-transform-template-literals': [ '7.29.7' ],
54 silly audit   '@babel/plugin-transform-typeof-symbol': [ '7.29.7' ],
54 silly audit   '@babel/plugin-transform-unicode-escapes': [ '7.29.7' ],
54 silly audit   '@babel/plugin-transform-unicode-property-regex': [ '7.29.7' ],
54 silly audit   '@babel/plugin-transform-unicode-regex': [ '7.29.7' ],
54 silly audit   '@babel/plugin-transform-unicode-sets-regex': [ '7.29.7' ],
54 silly audit   '@babel/preset-env': [ '7.29.7' ],
54 silly audit   '@babel/preset-modules': [ '0.1.6-no-external-plugins' ],
54 silly audit   '@babel/preset-react': [ '7.29.7' ],
54 silly audit   '@babel/runtime': [ '7.29.7' ],
54 silly audit   '@babel/template': [ '7.29.7' ],
54 silly audit   '@babel/traverse': [ '7.29.7' ],
54 silly audit   '@babel/types': [ '7.29.7' ],
54 silly audit   '@bcoe/v8-coverage': [ '0.2.3' ],
54 silly audit   '@esbuild/aix-ppc64': [ '0.21.5' ],
54 silly audit   '@esbuild/android-arm': [ '0.21.5' ],
54 silly audit   '@esbuild/android-arm64': [ '0.21.5' ],
54 silly audit   '@esbuild/android-x64': [ '0.21.5' ],
54 silly audit   '@esbuild/darwin-arm64': [ '0.21.5' ],
54 silly audit   '@esbuild/darwin-x64': [ '0.21.5' ],
54 silly audit   '@esbuild/freebsd-arm64': [ '0.21.5' ],
54 silly audit   '@esbuild/freebsd-x64': [ '0.21.5' ],
54 silly audit   '@esbuild/linux-arm': [ '0.21.5' ],
54 silly audit   '@esbuild/linux-arm64': [ '0.21.5' ],
54 silly audit   '@esbuild/linux-ia32': [ '0.21.5' ],
54 silly audit   '@esbuild/linux-loong64': [ '0.21.5' ],
54 silly audit   '@esbuild/linux-mips64el': [ '0.21.5' ],
54 silly audit   '@esbuild/linux-ppc64': [ '0.21.5' ],
54 silly audit   '@esbuild/linux-riscv64': [ '0.21.5' ],
54 silly audit   '@esbuild/linux-s390x': [ '0.21.5' ],
54 silly audit   '@esbuild/linux-x64': [ '0.21.5' ],
54 silly audit   '@esbuild/netbsd-x64': [ '0.21.5' ],
54 silly audit   '@esbuild/openbsd-x64': [ '0.21.5' ],
54 silly audit   '@esbuild/sunos-x64': [ '0.21.5' ],
54 silly audit   '@esbuild/win32-arm64': [ '0.21.5' ],
54 silly audit   '@esbuild/win32-ia32': [ '0.21.5' ],
54 silly audit   '@esbuild/win32-x64': [ '0.21.5' ],
54 silly audit   '@istanbuljs/load-nyc-config': [ '1.1.0' ],
54 silly audit   '@istanbuljs/schema': [ '0.1.6' ],
54 silly audit   '@jest/console': [ '29.7.0' ],
54 silly audit   '@jest/core': [ '29.7.0' ],
54 silly audit   'ansi-styles': [ '5.2.0', '4.3.0' ],
54 silly audit   'pretty-format': [ '29.7.0', '27.5.1' ],
54 silly audit   'react-is': [ '18.3.1', '17.0.2' ],
54 silly audit   '@jest/environment': [ '29.7.0' ],
54 silly audit   '@jest/expect': [ '29.7.0' ],
54 silly audit   '@jest/expect-utils': [ '29.7.0' ],
54 silly audit   '@jest/fake-timers': [ '29.7.0' ],
54 silly audit   '@jest/globals': [ '29.7.0' ],
54 silly audit   '@jest/reporters': [ '29.7.0' ],
54 silly audit   'istanbul-lib-instrument': [ '6.0.3', '5.2.1' ],
54 silly audit   semver: [ '7.8.5', '6.3.1' ],
54 silly audit   '@jest/schemas': [ '29.6.3' ],
54 silly audit   '@jest/source-map': [ '29.6.3' ],
54 silly audit   '@jest/test-result': [ '29.7.0' ],
54 silly audit   '@jest/test-sequencer': [ '29.7.0' ],
54 silly audit   '@jest/transform': [ '29.7.0' ],
54 silly audit   '@jest/types': [ '29.6.3' ],
54 silly audit   '@jridgewell/gen-mapping': [ '0.3.13' ],
54 silly audit   '@jridgewell/remapping': [ '2.3.5' ],
54 silly audit   '@jridgewell/resolve-uri': [ '3.1.2' ],
54 silly audit   '@jridgewell/sourcemap-codec': [ '1.5.5' ],
54 silly audit   '@jridgewell/trace-mapping': [ '0.3.31' ],
54 silly audit   '@nodelib/fs.scandir': [ '2.1.5' ],
54 silly audit   '@nodelib/fs.stat': [ '2.0.5' ],
54 silly audit   '@nodelib/fs.walk': [ '1.2.8' ],
54 silly audit   '@remix-run/router': [ '1.23.3' ],
54 silly audit   '@rolldown/pluginutils': [ '1.0.0-beta.27' ],
54 silly audit   '@rollup/rollup-android-arm-eabi': [ '4.62.2' ],
54 silly audit   '@rollup/rollup-android-arm64': [ '4.62.2' ],
54 silly audit   '@rollup/rollup-darwin-arm64': [ '4.62.2' ],
54 silly audit   '@rollup/rollup-darwin-x64': [ '4.62.2' ],
54 silly audit   '@rollup/rollup-freebsd-arm64': [ '4.62.2' ],
54 silly audit   '@rollup/rollup-freebsd-x64': [ '4.62.2' ],
54 silly audit   '@rollup/rollup-linux-arm-gnueabihf': [ '4.62.2' ],
54 silly audit   '@rollup/rollup-linux-arm-musleabihf': [ '4.62.2' ],
54 silly audit   '@rollup/rollup-linux-arm64-gnu': [ '4.62.2' ],
54 silly audit   '@rollup/rollup-linux-arm64-musl': [ '4.62.2' ],
54 silly audit   '@rollup/rollup-linux-loong64-gnu': [ '4.62.2' ],
54 silly audit   '@rollup/rollup-linux-loong64-musl': [ '4.62.2' ],
54 silly audit   '@rollup/rollup-linux-ppc64-gnu': [ '4.62.2' ],
54 silly audit   '@rollup/rollup-linux-ppc64-musl': [ '4.62.2' ],
54 silly audit   '@rollup/rollup-linux-riscv64-gnu': [ '4.62.2' ],
54 silly audit   '@rollup/rollup-linux-riscv64-musl': [ '4.62.2' ],
54 silly audit   '@rollup/rollup-linux-s390x-gnu': [ '4.62.2' ],
54 silly audit   '@rollup/rollup-linux-x64-gnu': [ '4.62.2' ],
54 silly audit   '@rollup/rollup-linux-x64-musl': [ '4.62.2' ],
54 silly audit   '@rollup/rollup-openbsd-x64': [ '4.62.2' ],
54 silly audit   '@rollup/rollup-openharmony-arm64': [ '4.62.2' ],
54 silly audit   '@rollup/rollup-win32-arm64-msvc': [ '4.62.2' ],
54 silly audit   '@rollup/rollup-win32-ia32-msvc': [ '4.62.2' ],
54 silly audit   '@rollup/rollup-win32-x64-gnu': [ '4.62.2' ],
54 silly audit   '@rollup/rollup-win32-x64-msvc': [ '4.62.2' ],
54 silly audit   '@sinclair/typebox': [ '0.27.10' ],
54 silly audit   '@sinonjs/commons': [ '3.0.1' ],
54 silly audit   '@sinonjs/fake-timers': [ '10.3.0' ],
54 silly audit   '@testing-library/dom': [ '9.3.4' ],
54 silly audit   'aria-query': [ '5.1.3', '5.3.2' ],
54 silly audit   'dom-accessibility-api': [ '0.5.16', '0.6.3' ],
54 silly audit   '@testing-library/jest-dom': [ '6.9.1' ],
54 silly audit   '@testing-library/react': [ '14.3.1' ],
54 silly audit   '@tootallnate/once': [ '2.0.1' ],
54 silly audit   '@types/aria-query': [ '5.0.4' ],
54 silly audit   '@types/babel__core': [ '7.20.5' ],
54 silly audit   '@types/babel__generator': [ '7.27.0' ],
54 silly audit   '@types/babel__template': [ '7.4.4' ],
54 silly audit   '@types/babel__traverse': [ '7.28.0' ],
54 silly audit   '@types/estree': [ '1.0.9' ],
54 silly audit   '@types/graceful-fs': [ '4.1.9' ],
54 silly audit   '@types/istanbul-lib-coverage': [ '2.0.6' ],
54 silly audit   '@types/istanbul-lib-report': [ '3.0.3' ],
54 silly audit   '@types/istanbul-reports': [ '3.0.4' ],
54 silly audit   '@types/jsdom': [ '20.0.1' ],
54 silly audit   '@types/node': [ '26.0.1' ],
54 silly audit   '@types/prop-types': [ '15.7.15' ],
54 silly audit   '@types/react': [ '18.3.31' ],
54 silly audit   '@types/react-dom': [ '18.3.7' ],
54 silly audit   '@types/stack-utils': [ '2.0.3' ],
54 silly audit   '@types/tough-cookie': [ '4.0.5' ],
54 silly audit   '@types/yargs': [ '17.0.35' ],
54 silly audit   '@types/yargs-parser': [ '21.0.3' ],
54 silly audit   '@vitejs/plugin-react': [ '4.7.0' ],
54 silly audit   abab: [ '2.0.6' ],
54 silly audit   acorn: [ '8.17.0' ],
54 silly audit   'acorn-globals': [ '7.0.1' ],
54 silly audit   'acorn-walk': [ '8.3.5' ],
54 silly audit   'agent-base': [ '6.0.2' ],
54 silly audit   'ansi-escapes': [ '4.3.2' ],
54 silly audit   'ansi-regex': [ '5.0.1' ],
54 silly audit   'any-promise': [ '1.3.0' ],
54 silly audit   anymatch: [ '3.1.3' ],
54 silly audit   arg: [ '5.0.2' ],
54 silly audit   argparse: [ '1.0.10' ],
54 silly audit   'array-buffer-byte-length': [ '1.0.2' ],
54 silly audit   asynckit: [ '0.4.0' ],
54 silly audit   atropos: [ '2.0.2' ],
54 silly audit   autoprefixer: [ '10.5.2' ],
54 silly audit   'available-typed-arrays': [ '1.0.7' ],
54 silly audit   'babel-jest': [ '29.7.0' ],
54 silly audit   'babel-plugin-istanbul': [ '6.1.1' ],
54 silly audit   'babel-plugin-jest-hoist': [ '29.6.3' ],
54 silly audit   'babel-plugin-polyfill-corejs2': [ '0.4.17' ],
54 silly audit   'babel-plugin-polyfill-corejs3': [ '0.14.2' ],
54 silly audit   'babel-plugin-polyfill-regenerator': [ '0.6.8' ],
54 silly audit   'babel-preset-current-node-syntax': [ '1.2.0' ],
54 silly audit   'babel-preset-jest': [ '29.6.3' ],
54 silly audit   'balanced-match': [ '1.0.2' ],
54 silly audit   'baseline-browser-mapping': [ '2.10.40' ],
54 silly audit   'binary-extensions': [ '2.3.0' ],
54 silly audit   'brace-expansion': [ '1.1.15' ],
54 silly audit   braces: [ '3.0.3' ],
54 silly audit   browserslist: [ '4.28.4' ],
54 silly audit   bser: [ '2.1.1' ],
54 silly audit   'buffer-from': [ '1.1.2' ],
54 silly audit   'call-bind': [ '1.0.9' ],
54 silly audit   'call-bind-apply-helpers': [ '1.0.2' ],
54 silly audit   'call-bound': [ '1.0.4' ],
54 silly audit   callsites: [ '3.1.0' ],
54 silly audit   camelcase: [ '5.3.1', '6.3.0' ],
54 silly audit   'camelcase-css': [ '2.0.1' ],
54 silly audit   'caniuse-lite': [ '1.0.30001799' ],
54 silly audit   chalk: [ '4.1.2' ],
54 silly audit   'char-regex': [ '1.0.2' ],
54 silly audit   chokidar: [ '3.6.0' ],
54 silly audit   'glob-parent': [ '5.1.2', '6.0.2' ],
54 silly audit   'ci-info': [ '3.9.0' ],
54 silly audit   'cjs-module-lexer': [ '1.4.3' ],
54 silly audit   cliui: [ '8.0.1' ],
54 silly audit   co: [ '4.6.0' ],
54 silly audit   'collect-v8-coverage': [ '1.0.3' ],
54 silly audit   'color-convert': [ '2.0.1' ],
54 silly audit   'color-name': [ '1.1.4' ],
54 silly audit   'combined-stream': [ '1.0.8' ],
54 silly audit   commander: [ '4.1.1' ],
54 silly audit   'concat-map': [ '0.0.1' ],
54 silly audit   'convert-source-map': [ '2.0.0' ],
54 silly audit   'core-js-compat': [ '3.49.0' ],
54 silly audit   'create-jest': [ '29.7.0' ],
54 silly audit   'cross-spawn': [ '7.0.6' ],
54 silly audit   'css.escape': [ '1.5.1' ],
54 silly audit   cssesc: [ '3.0.0' ],
54 silly audit   cssom: [ '0.5.0', '0.3.8' ],
54 silly audit   cssstyle: [ '2.3.0' ],
54 silly audit   csstype: [ '3.2.3' ],
54 silly audit   'data-urls': [ '3.0.2' ],
54 silly audit   debug: [ '4.4.3' ],
54 silly audit   'decimal.js': [ '10.6.0' ],
54 silly audit   dedent: [ '1.7.2' ],
54 silly audit   'deep-equal': [ '2.2.3' ],
54 silly audit   deepmerge: [ '4.3.1' ],
54 silly audit   'define-data-property': [ '1.1.4' ],
54 silly audit   'define-properties': [ '1.2.1' ],
54 silly audit   'delayed-stream': [ '1.0.0' ],
54 silly audit   'detect-newline': [ '3.1.0' ],
54 silly audit   didyoumean: [ '1.2.2' ],
54 silly audit   'diff-sequences': [ '29.6.3' ],
54 silly audit   dlv: [ '1.1.3' ],
54 silly audit   domexception: [ '4.0.0' ],
54 silly audit   'dunder-proto': [ '1.0.1' ],
54 silly audit   'electron-to-chromium': [ '1.5.380' ],
54 silly audit   emittery: [ '0.13.1' ],
54 silly audit   'emoji-regex': [ '8.0.0' ],
54 silly audit   entities: [ '6.0.1' ],
54 silly audit   'error-ex': [ '1.3.4' ],
54 silly audit   'es-define-property': [ '1.0.1' ],
54 silly audit   'es-errors': [ '1.3.0' ],
54 silly audit   'es-get-iterator': [ '1.1.3' ],
54 silly audit   'es-object-atoms': [ '1.1.2' ],
54 silly audit   'es-set-tostringtag': [ '2.1.0' ],
54 silly audit   esbuild: [ '0.21.5' ],
54 silly audit   escalade: [ '3.2.0' ],
54 silly audit   'escape-string-regexp': [ '2.0.0' ],
54 silly audit   escodegen: [ '2.1.0' ],
54 silly audit   esprima: [ '4.0.1' ],
54 silly audit   estraverse: [ '5.3.0' ],
54 silly audit   esutils: [ '2.0.3' ],
54 silly audit   execa: [ '5.1.1' ],
54 silly audit   exit: [ '0.1.2' ],
54 silly audit   expect: [ '29.7.0' ],
54 silly audit   'fast-glob': [ '3.3.3' ],
54 silly audit   'fast-json-stable-stringify': [ '2.1.0' ],
54 silly audit   fastq: [ '1.20.1' ],
54 silly audit   'fb-watchman': [ '2.0.2' ],
54 silly audit   'fill-range': [ '7.1.1' ],
54 silly audit   'find-up': [ '4.1.0' ],
54 silly audit   'for-each': [ '0.3.5' ],
54 silly audit   'form-data': [ '4.0.6' ],
54 silly audit   'fraction.js': [ '5.3.4' ],
54 silly audit   'fs.realpath': [ '1.0.0' ],
54 silly audit   fsevents: [ '2.3.3' ],
54 silly audit   'function-bind': [ '1.1.2' ],
54 silly audit   'functions-have-names': [ '1.2.3' ],
54 silly audit   gensync: [ '1.0.0-beta.2' ],
54 silly audit   'get-caller-file': [ '2.0.5' ],
54 silly audit   'get-intrinsic': [ '1.3.0' ],
54 silly audit   'get-package-type': [ '0.1.0' ],
54 silly audit   'get-proto': [ '1.0.1' ],
54 silly audit   'get-stream': [ '6.0.1' ],
54 silly audit   glob: [ '7.2.3' ],
54 silly audit   gopd: [ '1.2.0' ],
54 silly audit   'graceful-fs': [ '4.2.11' ],
54 silly audit   'has-bigints': [ '1.1.0' ],
54 silly audit   'has-flag': [ '4.0.0' ],
54 silly audit   'has-property-descriptors': [ '1.0.2' ],
54 silly audit   'has-symbols': [ '1.1.0' ],
54 silly audit   'has-tostringtag': [ '1.0.2' ],
54 silly audit   hasown: [ '2.0.4' ],
54 silly audit   'html-encoding-sniffer': [ '3.0.0' ],
54 silly audit   'html-escaper': [ '2.0.2' ],
54 silly audit   'http-proxy-agent': [ '5.0.0' ],
54 silly audit   'https-proxy-agent': [ '5.0.1' ],
54 silly audit   'human-signals': [ '2.1.0' ],
54 silly audit   'iconv-lite': [ '0.6.3' ],
54 silly audit   'import-local': [ '3.2.0' ],
54 silly audit   imurmurhash: [ '0.1.4' ],
54 silly audit   'indent-string': [ '4.0.0' ],
54 silly audit   inflight: [ '1.0.6' ],
54 silly audit   inherits: [ '2.0.4' ],
54 silly audit   'internal-slot': [ '1.1.0' ],
54 silly audit   'is-arguments': [ '1.2.0' ],
54 silly audit   'is-array-buffer': [ '3.0.5' ],
54 silly audit   'is-arrayish': [ '0.2.1' ],
54 silly audit   'is-bigint': [ '1.1.0' ],
54 silly audit   'is-binary-path': [ '2.1.0' ],
54 silly audit   'is-boolean-object': [ '1.2.2' ],
54 silly audit   'is-callable': [ '1.2.7' ],
54 silly audit   'is-core-module': [ '2.16.2' ],
54 silly audit   'is-date-object': [ '1.1.0' ],
54 silly audit   'is-extglob': [ '2.1.1' ],
54 silly audit   'is-fullwidth-code-point': [ '3.0.0' ],
54 silly audit   'is-generator-fn': [ '2.1.0' ],
54 silly audit   'is-glob': [ '4.0.3' ],
54 silly audit   'is-map': [ '2.0.3' ],
54 silly audit   'is-number': [ '7.0.0' ],
54 silly audit   'is-number-object': [ '1.1.1' ],
54 silly audit   'is-potential-custom-element-name': [ '1.0.1' ],
54 silly audit   'is-regex': [ '1.2.1' ],
54 silly audit   'is-set': [ '2.0.3' ],
54 silly audit   'is-shared-array-buffer': [ '1.0.4' ],
54 silly audit   'is-stream': [ '2.0.1' ],
54 silly audit   'is-string': [ '1.1.1' ],
54 silly audit   'is-symbol': [ '1.1.1' ],
54 silly audit   'is-weakmap': [ '2.0.2' ],
54 silly audit   'is-weakset': [ '2.0.4' ],
54 silly audit   isarray: [ '2.0.5' ],
54 silly audit   isexe: [ '2.0.0' ],
54 silly audit   'istanbul-lib-coverage': [ '3.2.2' ],
54 silly audit   'istanbul-lib-report': [ '3.0.1' ],
54 silly audit   'istanbul-lib-source-maps': [ '4.0.1' ],
54 silly audit   'istanbul-reports': [ '3.2.0' ],
54 silly audit   jest: [ '29.7.0' ],
54 silly audit   'jest-changed-files': [ '29.7.0' ],
54 silly audit   'jest-circus': [ '29.7.0' ],
54 silly audit   'jest-cli': [ '29.7.0' ],
54 silly audit   'jest-config': [ '29.7.0' ],
54 silly audit   'jest-diff': [ '29.7.0' ],
54 silly audit   'jest-docblock': [ '29.7.0' ],
54 silly audit   'jest-each': [ '29.7.0' ],
54 silly audit   'jest-environment-jsdom': [ '29.7.0' ],
54 silly audit   'jest-environment-node': [ '29.7.0' ],
54 silly audit   'jest-get-type': [ '29.6.3' ],
54 silly audit   'jest-haste-map': [ '29.7.0' ],
54 silly audit   'jest-leak-detector': [ '29.7.0' ],
54 silly audit   'jest-matcher-utils': [ '29.7.0' ],
54 silly audit   'jest-message-util': [ '29.7.0' ],
54 silly audit   'jest-mock': [ '29.7.0' ],
54 silly audit   'jest-pnp-resolver': [ '1.2.3' ],
54 silly audit   'jest-regex-util': [ '29.6.3' ],
54 silly audit   'jest-resolve': [ '29.7.0' ],
54 silly audit   'jest-resolve-dependencies': [ '29.7.0' ],
54 silly audit   'jest-runner': [ '29.7.0' ],
54 silly audit   'jest-runtime': [ '29.7.0' ],
54 silly audit   'jest-snapshot': [ '29.7.0' ],
54 silly audit   'jest-util': [ '29.7.0' ],
54 silly audit   'jest-validate': [ '29.7.0' ],
54 silly audit   'jest-watcher': [ '29.7.0' ],
54 silly audit   'jest-worker': [ '29.7.0' ],
54 silly audit   'supports-color': [ '8.1.1', '7.2.0' ],
54 silly audit   jiti: [ '1.21.7' ],
54 silly audit   'js-tokens': [ '4.0.0' ],
54 silly audit   'js-yaml': [ '3.15.0' ],
54 silly audit   jsdom: [ '20.0.3' ],
54 silly audit   jsesc: [ '3.1.0' ],
54 silly audit   'json-parse-even-better-errors': [ '2.3.1' ],
54 silly audit   json5: [ '2.2.3' ],
54 silly audit   kleur: [ '3.0.3' ],
54 silly audit   leven: [ '3.1.0' ],
54 silly audit   lilconfig: [ '3.1.3' ],
54 silly audit   'lines-and-columns': [ '1.2.4' ],
54 silly audit   'locate-path': [ '5.0.0' ],
54 silly audit   'lodash.debounce': [ '4.0.8' ],
54 silly audit   'loose-envify': [ '1.4.0' ],
54 silly audit   'lottie-react': [ '2.4.1' ],
54 silly audit   'lottie-web': [ '5.13.0' ],
54 silly audit   'lru-cache': [ '5.1.1' ],
54 silly audit   'lz-string': [ '1.5.0' ],
54 silly audit   'make-dir': [ '4.0.0' ],
54 silly audit   makeerror: [ '1.0.12' ],
54 silly audit   'math-intrinsics': [ '1.1.0' ],
54 silly audit   'merge-stream': [ '2.0.0' ],
54 silly audit   merge2: [ '1.4.1' ],
54 silly audit   micromatch: [ '4.0.8' ],
54 silly audit   'mime-db': [ '1.52.0' ],
54 silly audit   'mime-types': [ '2.1.35' ],
54 silly audit   'mimic-fn': [ '2.1.0' ],
54 silly audit   'min-indent': [ '1.0.1' ],
54 silly audit   minimatch: [ '3.1.5' ],
54 silly audit   ms: [ '2.1.3' ],
54 silly audit   mz: [ '2.7.0' ],
54 silly audit   nanoid: [ '3.3.15' ],
54 silly audit   'natural-compare': [ '1.4.0' ],
54 silly audit   'node-int64': [ '0.4.0' ],
54 silly audit   'node-releases': [ '2.0.50' ],
54 silly audit   'normalize-path': [ '3.0.0' ],
54 silly audit   'npm-run-path': [ '4.0.1' ],
54 silly audit   nwsapi: [ '2.2.24' ],
54 silly audit   'object-assign': [ '4.1.1' ],
54 silly audit   'object-hash': [ '3.0.0' ],
54 silly audit   'object-inspect': [ '1.13.4' ],
54 silly audit   'object-is': [ '1.1.6' ],
54 silly audit   'object-keys': [ '1.1.1' ],
54 silly audit   'object.assign': [ '4.1.7' ],
54 silly audit   once: [ '1.4.0' ],
54 silly audit   onetime: [ '5.1.2' ],
54 silly audit   'p-limit': [ '3.1.0', '2.3.0' ],
54 silly audit   'p-locate': [ '4.1.0' ],
54 silly audit   'p-try': [ '2.2.0' ],
54 silly audit   'parse-json': [ '5.2.0' ],
54 silly audit   parse5: [ '7.3.0' ],
54 silly audit   'path-exists': [ '4.0.0' ],
54 silly audit   'path-is-absolute': [ '1.0.1' ],
54 silly audit   'path-key': [ '3.1.1' ],
54 silly audit   'path-parse': [ '1.0.7' ],
54 silly audit   picocolors: [ '1.1.1' ],
54 silly audit   picomatch: [ '2.3.2', '4.0.4' ],
54 silly audit   pify: [ '2.3.0' ],
54 silly audit   pirates: [ '4.0.7' ],
54 silly audit   'pkg-dir': [ '4.2.0' ],
54 silly audit   'possible-typed-array-names': [ '1.1.0' ],
54 silly audit   postcss: [ '8.5.16' ],
54 silly audit   'postcss-import': [ '15.1.0' ],
54 silly audit   'postcss-js': [ '4.1.0' ],
54 silly audit   'postcss-load-config': [ '6.0.1' ],
54 silly audit   'postcss-nested': [ '6.2.0' ],
54 silly audit   'postcss-selector-parser': [ '6.1.4' ],
54 silly audit   'postcss-value-parser': [ '4.2.0' ],
54 silly audit   prompts: [ '2.4.2' ],
54 silly audit   psl: [ '1.15.0' ],
54 silly audit   punycode: [ '2.3.1' ],
54 silly audit   'pure-rand': [ '6.1.0' ],
54 silly audit   querystringify: [ '2.2.0' ],
54 silly audit   'queue-microtask': [ '1.2.3' ],
54 silly audit   react: [ '18.3.1' ],
54 silly audit   'react-dom': [ '18.3.1' ],
54 silly audit   'react-refresh': [ '0.17.0' ],
54 silly audit   'react-router': [ '6.30.4' ],
54 silly audit   'react-router-dom': [ '6.30.4' ],
54 silly audit   'read-cache': [ '1.0.0' ],
54 silly audit   readdirp: [ '3.6.0' ],
54 silly audit   redent: [ '3.0.0' ],
54 silly audit   regenerate: [ '1.4.2' ],
54 silly audit   'regenerate-unicode-properties': [ '10.2.2' ],
54 silly audit   'regexp.prototype.flags': [ '1.5.4' ],
54 silly audit   'regexpu-core': [ '6.4.0' ],
54 silly audit   regjsgen: [ '0.8.0' ],
54 silly audit   regjsparser: [ '0.13.2' ],
54 silly audit   'require-directory': [ '2.1.1' ],
54 silly audit   'requires-port': [ '1.0.0' ],
54 silly audit   resolve: [ '1.22.12' ],
54 silly audit   'resolve-cwd': [ '3.0.0' ],
54 silly audit   'resolve-from': [ '5.0.0' ],
54 silly audit   'resolve.exports': [ '2.0.3' ],
54 silly audit   reusify: [ '1.1.0' ],
54 silly audit   rollup: [ '4.62.2' ],
54 silly audit   'run-parallel': [ '1.2.0' ],
54 silly audit   'safe-regex-test': [ '1.1.0' ],
54 silly audit   'safer-buffer': [ '2.1.2' ],
54 silly audit   saxes: [ '6.0.0' ],
54 silly audit   scheduler: [ '0.23.2' ],
54 silly audit   'set-function-length': [ '1.2.2' ],
54 silly audit   'set-function-name': [ '2.0.2' ],
54 silly audit   'shebang-command': [ '2.0.0' ],
54 silly audit   'shebang-regex': [ '3.0.0' ],
54 silly audit   'side-channel': [ '1.1.1' ],
54 silly audit   'side-channel-list': [ '1.0.1' ],
54 silly audit   'side-channel-map': [ '1.0.1' ],
54 silly audit   'side-channel-weakmap': [ '1.0.2' ],
54 silly audit   'signal-exit': [ '3.0.7' ],
54 silly audit   sisteransi: [ '1.0.5' ],
54 silly audit   slash: [ '3.0.0' ],
54 silly audit   'source-map': [ '0.6.1' ],
54 silly audit   'source-map-js': [ '1.2.1' ],
54 silly audit   'source-map-support': [ '0.5.13' ],
54 silly audit   'sprintf-js': [ '1.0.3' ],
54 silly audit   'stack-utils': [ '2.0.6' ],
54 silly audit   'stop-iteration-iterator': [ '1.1.0' ],
54 silly audit   'string-length': [ '4.0.2' ],
54 silly audit   'string-width': [ '4.2.3' ],
54 silly audit   'strip-ansi': [ '6.0.1' ],
54 silly audit   'strip-bom': [ '4.0.0' ],
54 silly audit   'strip-final-newline': [ '2.0.0' ],
54 silly audit   'strip-indent': [ '3.0.0' ],
54 silly audit   'strip-json-comments': [ '3.1.1' ],
54 silly audit   sucrase: [ '3.35.1' ],
54 silly audit   'supports-preserve-symlinks-flag': [ '1.0.0' ],
54 silly audit   'symbol-tree': [ '3.2.4' ],
54 silly audit   tailwindcss: [ '3.4.19' ],
54 silly audit   'test-exclude': [ '6.0.0' ],
54 silly audit   thenify: [ '3.3.1' ],
54 silly audit   'thenify-all': [ '1.6.0' ],
54 silly audit   tinyglobby: [ '0.2.17' ],
54 silly audit   fdir: [ '6.5.0' ],
54 silly audit   tmpl: [ '1.0.5' ],
54 silly audit   'to-regex-range': [ '5.0.1' ],
54 silly audit   'tough-cookie': [ '4.1.4' ],
54 silly audit   tr46: [ '3.0.0' ],
54 silly audit   'ts-interface-checker': [ '0.1.13' ],
54 silly audit   'type-detect': [ '4.0.8' ],
54 silly audit   'type-fest': [ '0.21.3' ],
54 silly audit   'undici-types': [ '8.3.0' ],
54 silly audit   'unicode-canonical-property-names-ecmascript': [ '2.0.1' ],
54 silly audit   'unicode-match-property-ecmascript': [ '2.0.0' ],
54 silly audit   'unicode-match-property-value-ecmascript': [ '2.2.1' ],
54 silly audit   'unicode-property-aliases-ecmascript': [ '2.2.0' ],
54 silly audit   universalify: [ '0.2.0' ],
54 silly audit   'update-browserslist-db': [ '1.2.3' ],
54 silly audit   'url-parse': [ '1.5.10' ],
54 silly audit   'util-deprecate': [ '1.0.2' ],
54 silly audit   'v8-to-istanbul': [ '9.3.0' ],
54 silly audit   vite: [ '5.4.21' ],
54 silly audit   'w3c-xmlserializer': [ '4.0.0' ],
54 silly audit   walker: [ '1.0.8' ],
54 silly audit   'webidl-conversions': [ '7.0.0' ],
54 silly audit   'whatwg-encoding': [ '2.0.0' ],
54 silly audit   'whatwg-mimetype': [ '3.0.0' ],
54 silly audit   'whatwg-url': [ '11.0.0' ],
54 silly audit   which: [ '2.0.2' ],
54 silly audit   'which-boxed-primitive': [ '1.1.1' ],
54 silly audit   'which-collection': [ '1.0.2' ],
54 silly audit   'which-typed-array': [ '1.1.22' ],
54 silly audit   'wrap-ansi': [ '7.0.0' ],
54 silly audit   wrappy: [ '1.0.2' ],
54 silly audit   'write-file-atomic': [ '4.0.2' ],
54 silly audit   ws: [ '8.21.0' ],
54 silly audit   'xml-name-validator': [ '4.0.0' ],
54 silly audit   xmlchars: [ '2.2.0' ],
54 silly audit   y18n: [ '5.0.8' ],
54 silly audit   yallist: [ '3.1.1' ],
54 silly audit   yargs: [ '17.7.3' ],
54 silly audit   'yargs-parser': [ '21.1.1' ],
54 silly audit   'yocto-queue': [ '0.1.0' ],
54 silly audit   'framer-motion': [ '12.42.0' ],
54 silly audit   'lucide-react': [ '1.22.0' ],
54 silly audit   'motion-dom': [ '12.42.0' ],
54 silly audit   'motion-utils': [ '12.39.0' ],
54 silly audit   tslib: [ '2.8.1' ]
54 silly audit }
55 http cache tslib@https://registry.npmjs.org/tslib/-/tslib-2.8.1.tgz 1ms (cache hit)
56 http cache motion-dom@https://registry.npmjs.org/motion-dom/-/motion-dom-12.42.0.tgz 0ms (cache hit)
57 http cache motion-utils@https://registry.npmjs.org/motion-utils/-/motion-utils-12.39.0.tgz 0ms (cache hit)
58 http cache framer-motion@https://registry.npmjs.org/framer-motion/-/framer-motion-12.42.0.tgz 0ms (cache hit)
59 http cache lucide-react@https://registry.npmjs.org/lucide-react/-/lucide-react-1.22.0.tgz 0ms (cache hit)
60 silly tarball no local data for tslib@https://registry.npmjs.org/tslib/-/tslib-2.8.1.tgz. Extracting by manifest.
61 silly tarball no local data for motion-dom@https://registry.npmjs.org/motion-dom/-/motion-dom-12.42.0.tgz. Extracting by manifest.
62 silly tarball no local data for motion-utils@https://registry.npmjs.org/motion-utils/-/motion-utils-12.39.0.tgz. Extracting by manifest.
63 silly tarball no local data for framer-motion@https://registry.npmjs.org/framer-motion/-/framer-motion-12.42.0.tgz. Extracting by manifest.
64 silly tarball no local data for lucide-react@https://registry.npmjs.org/lucide-react/-/lucide-react-1.22.0.tgz. Extracting by manifest.
65 http fetch POST 200 https://registry.npmjs.org/-/npm/v1/security/advisories/bulk 678ms
66 silly audit report {
66 silly audit report   esbuild: [
66 silly audit report     {
66 silly audit report       id: 1102341,
66 silly audit report       url: 'https://github.com/advisories/GHSA-67mh-4wv8-2f99',
66 silly audit report       title: 'esbuild enables any website to send any requests to the development server and read the response',
66 silly audit report       severity: 'moderate',
66 silly audit report       vulnerable_versions: '<=0.24.2',
66 silly audit report       cwe: [Array],
66 silly audit report       cvss: [Object]
66 silly audit report     }
66 silly audit report   ],
66 silly audit report   vite: [
66 silly audit report     {
66 silly audit report       id: 1120784,
66 silly audit report       url: 'https://github.com/advisories/GHSA-v6wh-96g9-6wx3',
66 silly audit report       title: 'launch-editor: NTLMv2 hash disclosure via UNC path handling on Windows',
66 silly audit report       severity: 'moderate',
66 silly audit report       vulnerable_versions: '<=6.4.2',
66 silly audit report       cwe: [Array],
66 silly audit report       cvss: [Object]
66 silly audit report     },
66 silly audit report     {
66 silly audit report       id: 1120789,
66 silly audit report       url: 'https://github.com/advisories/GHSA-fx2h-pf6j-xcff',
66 silly audit report       title: 'vite: `server.fs.deny` bypass on Windows alternate paths',
66 silly audit report       severity: 'high',
66 silly audit report       vulnerable_versions: '<=6.4.2',
66 silly audit report       cwe: [Array],
66 silly audit report       cvss: [Object]
66 silly audit report     },
66 silly audit report     {
66 silly audit report       id: 1116229,
66 silly audit report       url: 'https://github.com/advisories/GHSA-4w7w-66w2-5vf9',
66 silly audit report       title: 'Vite Vulnerable to Path Traversal in Optimized Deps `.map` Handling',
66 silly audit report       severity: 'moderate',
66 silly audit report       vulnerable_versions: '<=6.4.1',
66 silly audit report       cwe: [Array],
66 silly audit report       cvss: [Object]
66 silly audit report     }
66 silly audit report   ]
66 silly audit report }
67 silly packumentCache corgi:https://registry.npmjs.org/esbuild cache-miss
68 silly packumentCache corgi:https://registry.npmjs.org/vite cache-miss
69 http fetch GET 200 https://registry.npmjs.org/tslib/-/tslib-2.8.1.tgz 496ms (cache miss)
70 http fetch GET 200 https://registry.npmjs.org/esbuild 1916ms (cache miss)
71 silly packumentCache corgi:https://registry.npmjs.org/esbuild set size:undefined disposed:false
72 http fetch GET 200 https://registry.npmjs.org/motion-utils/-/motion-utils-12.39.0.tgz 2286ms (cache miss)
73 http fetch GET 200 https://registry.npmjs.org/vite 4797ms (cache miss)
74 silly packumentCache corgi:https://registry.npmjs.org/vite set size:undefined disposed:false
75 silly packumentCache corgi:https://registry.npmjs.org/@vitejs%2fplugin-react cache-miss
76 http fetch GET 200 https://registry.npmjs.org/@vitejs%2fplugin-react 1185ms (cache miss)
77 silly packumentCache corgi:https://registry.npmjs.org/@vitejs%2fplugin-react set size:undefined disposed:false
78 http fetch GET 200 https://registry.npmjs.org/framer-motion/-/framer-motion-12.42.0.tgz 12845ms (cache miss)
79 http fetch GET 200 https://registry.npmjs.org/motion-dom/-/motion-dom-12.42.0.tgz 14244ms (cache miss)
80 http fetch GET 200 https://registry.npmjs.org/lucide-react/-/lucide-react-1.22.0.tgz 35265ms (cache miss)
81 silly ADD node_modules/tslib
82 silly ADD node_modules/motion-utils
83 silly ADD node_modules/motion-dom
84 silly ADD node_modules/lucide-react
85 silly ADD node_modules/framer-motion
86 verbose cwd C:\Users\Akash\Desktop\Sample-Mobile-Machenic
87 verbose os Windows_NT 10.0.26200
88 verbose node v24.16.0
89 verbose npm  v11.8.0
90 notice
90 notice New minor version of npm available! 11.8.0 -> 11.17.0
90 notice Changelog: https://github.com/npm/cli/releases/tag/v11.17.0
90 notice To update run: npm install -g npm@11.17.0
90 notice  { force: true, Symbol(proc-log.meta): true }
91 verbose exit 0
92 info ok
